<?xml version="1.0" encoding="UTF-8"?>
<!-- Generated by org.testng.reporters.JUnitReportReporter -->
<testsuite skipped="0" hostname="DERIW42SLPC1327" name="SamplePackage.FirstMavenClass" tests="2" failures="0" timestamp="30 Jan 2020 07:16:25 GMT" time="20.937" errors="0">
  <testcase name="test1" time="0.027" classname="SamplePackage.FirstMavenClass"/>
  <testcase name="test2" time="20.910" classname="SamplePackage.FirstMavenClass"/>
</testsuite> <!-- SamplePackage.FirstMavenClass -->
