<?xml version="1.0" encoding="UTF-8"?>
<!-- Generated by org.testng.reporters.JUnitReportReporter -->
<testsuite skipped="0" hostname="DERIW42SLPC1327" name="SamplePackage.FirstMavenClass" tests="2" failures="0" timestamp="29 Jan 2020 06:32:40 GMT" time="21.122" errors="0">
  <testcase name="test2" time="21.093" classname="SamplePackage.FirstMavenClass"/>
  <testcase name="test1" time="0.029" classname="SamplePackage.FirstMavenClass"/>
</testsuite> <!-- SamplePackage.FirstMavenClass -->
