<?xml version="1.0" encoding="UTF-8"?>
<!-- Generated by org.testng.reporters.JUnitReportReporter -->
<testsuite skipped="0" hostname="DERIW42SLPC1327" name="SamplePackage.FirstMavenClass" tests="2" failures="0" timestamp="29 Jan 2020 05:58:54 GMT" time="31.287" errors="0">
  <testcase name="test2" time="31.253" classname="SamplePackage.FirstMavenClass"/>
  <testcase name="test1" time="0.034" classname="SamplePackage.FirstMavenClass"/>
</testsuite> <!-- SamplePackage.FirstMavenClass -->
